{"C:\\Users\\Peter Ly\\Desktop\\FutureProof\\post-fp\\vanillaJS\\vidly\\index.js": {"path":"C:\\Users\\Peter Ly\\Desktop\\FutureProof\\post-fp\\vanillaJS\\vidly\\index.js","statementMap":{"0":{"start":{"line":1,"column":16},"end":{"line":1,"column":34}},"1":{"start":{"line":2,"column":16},"end":{"line":2,"column":34}},"2":{"start":{"line":3,"column":12},"end":{"line":3,"column":21}},"3":{"start":{"line":5,"column":0},"end":{"line":5,"column":31}},"4":{"start":{"line":6,"column":0},"end":{"line":6,"column":33}},"5":{"start":{"line":7,"column":0},"end":{"line":7,"column":26}},"6":{"start":{"line":8,"column":0},"end":{"line":8,"column":30}},"7":{"start":{"line":9,"column":0},"end":{"line":9,"column":34}},"8":{"start":{"line":11,"column":13},"end":{"line":11,"column":37}},"9":{"start":{"line":12,"column":15},"end":{"line":12,"column":83}},"10":{"start":{"line":12,"column":38},"end":{"line":12,"column":82}},"11":{"start":{"line":14,"column":0},"end":{"line":14,"column":24}}},"fnMap":{"0":{"name":"(anonymous_0)","decl":{"start":{"line":12,"column":32},"end":{"line":12,"column":33}},"loc":{"start":{"line":12,"column":38},"end":{"line":12,"column":82}},"line":12}},"branchMap":{"0":{"loc":{"start":{"line":11,"column":13},"end":{"line":11,"column":37}},"type":"binary-expr","locations":[{"start":{"line":11,"column":13},"end":{"line":11,"column":29}},{"start":{"line":11,"column":33},"end":{"line":11,"column":37}}],"line":11}},"s":{"0":2,"1":2,"2":2,"3":2,"4":2,"5":2,"6":2,"7":2,"8":2,"9":2,"10":2,"11":2},"f":{"0":2},"b":{"0":[2,2]},"_coverageSchema":"1a1c01bbd47fc00a2c39e90264f33305004495a9","hash":"a0cf77203d75c4fb16926c04b9b81e61cab2b144"}
,"C:\\Users\\Peter Ly\\Desktop\\FutureProof\\post-fp\\vanillaJS\\vidly\\middleware\\admin.js": {"path":"C:\\Users\\Peter Ly\\Desktop\\FutureProof\\post-fp\\vanillaJS\\vidly\\middleware\\admin.js","statementMap":{"0":{"start":{"line":1,"column":0},"end":{"line":6,"column":1}},"1":{"start":{"line":3,"column":4},"end":{"line":3,"column":72}},"2":{"start":{"line":3,"column":27},"end":{"line":3,"column":72}},"3":{"start":{"line":5,"column":4},"end":{"line":5,"column":11}}},"fnMap":{"0":{"name":"(anonymous_0)","decl":{"start":{"line":1,"column":17},"end":{"line":1,"column":18}},"loc":{"start":{"line":1,"column":43},"end":{"line":6,"column":1}},"line":1}},"branchMap":{"0":{"loc":{"start":{"line":3,"column":4},"end":{"line":3,"column":72}},"type":"if","locations":[{"start":{"line":3,"column":4},"end":{"line":3,"column":72}},{"start":{},"end":{}}],"line":3}},"s":{"0":2,"1":0,"2":0,"3":0},"f":{"0":0},"b":{"0":[0,0]},"_coverageSchema":"1a1c01bbd47fc00a2c39e90264f33305004495a9","hash":"af062763b0f0ab8619b5e094c4e8f60b2263480a"}
,"C:\\Users\\Peter Ly\\Desktop\\FutureProof\\post-fp\\vanillaJS\\vidly\\middleware\\auth.js": {"path":"C:\\Users\\Peter Ly\\Desktop\\FutureProof\\post-fp\\vanillaJS\\vidly\\middleware\\auth.js","statementMap":{"0":{"start":{"line":1,"column":12},"end":{"line":1,"column":35}},"1":{"start":{"line":2,"column":15},"end":{"line":2,"column":32}},"2":{"start":{"line":5,"column":16},"end":{"line":5,"column":42}},"3":{"start":{"line":6,"column":2},"end":{"line":6,"column":72}},"4":{"start":{"line":6,"column":14},"end":{"line":6,"column":72}},"5":{"start":{"line":8,"column":2},"end":{"line":15,"column":3}},"6":{"start":{"line":9,"column":20},"end":{"line":9,"column":66}},"7":{"start":{"line":10,"column":4},"end":{"line":10,"column":23}},"8":{"start":{"line":11,"column":4},"end":{"line":11,"column":11}},"9":{"start":{"line":14,"column":4},"end":{"line":14,"column":43}},"10":{"start":{"line":18,"column":0},"end":{"line":18,"column":22}}},"fnMap":{"0":{"name":"auth","decl":{"start":{"line":4,"column":9},"end":{"line":4,"column":13}},"loc":{"start":{"line":4,"column":30},"end":{"line":16,"column":1}},"line":4}},"branchMap":{"0":{"loc":{"start":{"line":6,"column":2},"end":{"line":6,"column":72}},"type":"if","locations":[{"start":{"line":6,"column":2},"end":{"line":6,"column":72}},{"start":{},"end":{}}],"line":6}},"s":{"0":3,"1":3,"2":9,"3":9,"4":2,"5":9,"6":9,"7":6,"8":6,"9":3,"10":3},"f":{"0":9},"b":{"0":[2,7]},"_coverageSchema":"1a1c01bbd47fc00a2c39e90264f33305004495a9","hash":"d3ed5f238a4aadc368bb99e15a3be2de6a1fa12f"}
,"C:\\Users\\Peter Ly\\Desktop\\FutureProof\\post-fp\\vanillaJS\\vidly\\middleware\\error.js": {"path":"C:\\Users\\Peter Ly\\Desktop\\FutureProof\\post-fp\\vanillaJS\\vidly\\middleware\\error.js","statementMap":{"0":{"start":{"line":1,"column":16},"end":{"line":1,"column":34}},"1":{"start":{"line":3,"column":0},"end":{"line":7,"column":4}},"2":{"start":{"line":4,"column":2},"end":{"line":4,"column":34}},"3":{"start":{"line":6,"column":2},"end":{"line":6,"column":43}}},"fnMap":{"0":{"name":"(anonymous_0)","decl":{"start":{"line":3,"column":17},"end":{"line":3,"column":18}},"loc":{"start":{"line":3,"column":47},"end":{"line":7,"column":3}},"line":3}},"branchMap":{},"s":{"0":2,"1":2,"2":2,"3":2},"f":{"0":2},"b":{},"_coverageSchema":"1a1c01bbd47fc00a2c39e90264f33305004495a9","hash":"57127fc0d67e8daeab6d9b3977a016821f07316f"}
,"C:\\Users\\Peter Ly\\Desktop\\FutureProof\\post-fp\\vanillaJS\\vidly\\middleware\\validateObjectId.js": {"path":"C:\\Users\\Peter Ly\\Desktop\\FutureProof\\post-fp\\vanillaJS\\vidly\\middleware\\validateObjectId.js","statementMap":{"0":{"start":{"line":1,"column":17},"end":{"line":1,"column":36}},"1":{"start":{"line":3,"column":0},"end":{"line":8,"column":2}},"2":{"start":{"line":4,"column":2},"end":{"line":5,"column":55}},"3":{"start":{"line":5,"column":4},"end":{"line":5,"column":55}},"4":{"start":{"line":7,"column":2},"end":{"line":7,"column":9}}},"fnMap":{"0":{"name":"(anonymous_0)","decl":{"start":{"line":3,"column":17},"end":{"line":3,"column":18}},"loc":{"start":{"line":3,"column":43},"end":{"line":8,"column":1}},"line":3}},"branchMap":{"0":{"loc":{"start":{"line":4,"column":2},"end":{"line":5,"column":55}},"type":"if","locations":[{"start":{"line":4,"column":2},"end":{"line":5,"column":55}},{"start":{},"end":{}}],"line":4}},"s":{"0":2,"1":2,"2":3,"3":1,"4":2},"f":{"0":3},"b":{"0":[1,2]},"_coverageSchema":"1a1c01bbd47fc00a2c39e90264f33305004495a9","hash":"e7b6a56c96f648f2bc4ea72d46fe0dee686976ca"}
,"C:\\Users\\Peter Ly\\Desktop\\FutureProof\\post-fp\\vanillaJS\\vidly\\models\\customer.js": {"path":"C:\\Users\\Peter Ly\\Desktop\\FutureProof\\post-fp\\vanillaJS\\vidly\\models\\customer.js","statementMap":{"0":{"start":{"line":1,"column":12},"end":{"line":1,"column":26}},"1":{"start":{"line":2,"column":17},"end":{"line":2,"column":36}},"2":{"start":{"line":4,"column":17},"end":{"line":21,"column":5}},"3":{"start":{"line":24,"column":19},"end":{"line":28,"column":5}},"4":{"start":{"line":30,"column":4},"end":{"line":30,"column":42}},"5":{"start":{"line":33,"column":0},"end":{"line":33,"column":28}},"6":{"start":{"line":34,"column":0},"end":{"line":34,"column":36}}},"fnMap":{"0":{"name":"validateCustomer","decl":{"start":{"line":23,"column":9},"end":{"line":23,"column":25}},"loc":{"start":{"line":23,"column":36},"end":{"line":31,"column":3}},"line":23}},"branchMap":{},"s":{"0":2,"1":2,"2":2,"3":0,"4":0,"5":2,"6":2},"f":{"0":0},"b":{},"_coverageSchema":"1a1c01bbd47fc00a2c39e90264f33305004495a9","hash":"39ad37275c7aea08ba3fabb7c3c63c33c1a237f6"}
,"C:\\Users\\Peter Ly\\Desktop\\FutureProof\\post-fp\\vanillaJS\\vidly\\models\\genre.js": {"path":"C:\\Users\\Peter Ly\\Desktop\\FutureProof\\post-fp\\vanillaJS\\vidly\\models\\genre.js","statementMap":{"0":{"start":{"line":1,"column":12},"end":{"line":1,"column":26}},"1":{"start":{"line":2,"column":17},"end":{"line":2,"column":36}},"2":{"start":{"line":4,"column":20},"end":{"line":11,"column":4}},"3":{"start":{"line":13,"column":14},"end":{"line":13,"column":50}},"4":{"start":{"line":16,"column":19},"end":{"line":18,"column":5}},"5":{"start":{"line":20,"column":4},"end":{"line":20,"column":39}},"6":{"start":{"line":23,"column":2},"end":{"line":23,"column":36}},"7":{"start":{"line":24,"column":2},"end":{"line":24,"column":24}},"8":{"start":{"line":25,"column":2},"end":{"line":25,"column":35}}},"fnMap":{"0":{"name":"validateGenre","decl":{"start":{"line":15,"column":9},"end":{"line":15,"column":22}},"loc":{"start":{"line":15,"column":30},"end":{"line":21,"column":3}},"line":15}},"branchMap":{},"s":{"0":2,"1":2,"2":2,"3":2,"4":5,"5":5,"6":2,"7":2,"8":2},"f":{"0":5},"b":{},"_coverageSchema":"1a1c01bbd47fc00a2c39e90264f33305004495a9","hash":"d75ce4487d7ba2158d5bb564ab4518ecbe8ce2cf"}
,"C:\\Users\\Peter Ly\\Desktop\\FutureProof\\post-fp\\vanillaJS\\vidly\\models\\movie.js": {"path":"C:\\Users\\Peter Ly\\Desktop\\FutureProof\\post-fp\\vanillaJS\\vidly\\models\\movie.js","statementMap":{"0":{"start":{"line":1,"column":12},"end":{"line":1,"column":26}},"1":{"start":{"line":2,"column":17},"end":{"line":2,"column":36}},"2":{"start":{"line":3,"column":22},"end":{"line":3,"column":40}},"3":{"start":{"line":5,"column":14},"end":{"line":29,"column":3}},"4":{"start":{"line":32,"column":17},"end":{"line":37,"column":3}},"5":{"start":{"line":39,"column":2},"end":{"line":39,"column":37}},"6":{"start":{"line":42,"column":0},"end":{"line":42,"column":22}},"7":{"start":{"line":43,"column":0},"end":{"line":43,"column":33}}},"fnMap":{"0":{"name":"validateMovie","decl":{"start":{"line":31,"column":9},"end":{"line":31,"column":22}},"loc":{"start":{"line":31,"column":30},"end":{"line":40,"column":1}},"line":31}},"branchMap":{},"s":{"0":2,"1":2,"2":2,"3":2,"4":0,"5":0,"6":2,"7":2},"f":{"0":0},"b":{},"_coverageSchema":"1a1c01bbd47fc00a2c39e90264f33305004495a9","hash":"8cb8b8bf0636e4aa365577af7a64bb65168fd997"}
,"C:\\Users\\Peter Ly\\Desktop\\FutureProof\\post-fp\\vanillaJS\\vidly\\models\\rental.js": {"path":"C:\\Users\\Peter Ly\\Desktop\\FutureProof\\post-fp\\vanillaJS\\vidly\\models\\rental.js","statementMap":{"0":{"start":{"line":1,"column":12},"end":{"line":1,"column":26}},"1":{"start":{"line":2,"column":17},"end":{"line":2,"column":36}},"2":{"start":{"line":4,"column":15},"end":{"line":56,"column":3}},"3":{"start":{"line":59,"column":19},"end":{"line":62,"column":5}},"4":{"start":{"line":64,"column":4},"end":{"line":64,"column":40}},"5":{"start":{"line":67,"column":0},"end":{"line":67,"column":24}},"6":{"start":{"line":68,"column":0},"end":{"line":68,"column":34}}},"fnMap":{"0":{"name":"validateRental","decl":{"start":{"line":58,"column":9},"end":{"line":58,"column":23}},"loc":{"start":{"line":58,"column":32},"end":{"line":65,"column":1}},"line":58}},"branchMap":{},"s":{"0":2,"1":2,"2":2,"3":0,"4":0,"5":2,"6":2},"f":{"0":0},"b":{},"_coverageSchema":"1a1c01bbd47fc00a2c39e90264f33305004495a9","hash":"86aea8d98a23b031f5d43e7d94615ba8eb0a2690"}
,"C:\\Users\\Peter Ly\\Desktop\\FutureProof\\post-fp\\vanillaJS\\vidly\\models\\user.js": {"path":"C:\\Users\\Peter Ly\\Desktop\\FutureProof\\post-fp\\vanillaJS\\vidly\\models\\user.js","statementMap":{"0":{"start":{"line":1,"column":15},"end":{"line":1,"column":32}},"1":{"start":{"line":2,"column":12},"end":{"line":2,"column":35}},"2":{"start":{"line":3,"column":12},"end":{"line":3,"column":26}},"3":{"start":{"line":4,"column":17},"end":{"line":4,"column":36}},"4":{"start":{"line":6,"column":19},"end":{"line":27,"column":2}},"5":{"start":{"line":29,"column":0},"end":{"line":32,"column":2}},"6":{"start":{"line":30,"column":16},"end":{"line":30,"column":95}},"7":{"start":{"line":31,"column":2},"end":{"line":31,"column":15}},"8":{"start":{"line":34,"column":13},"end":{"line":34,"column":47}},"9":{"start":{"line":37,"column":17},"end":{"line":41,"column":3}},"10":{"start":{"line":43,"column":2},"end":{"line":43,"column":36}},"11":{"start":{"line":45,"column":0},"end":{"line":45,"column":20}},"12":{"start":{"line":46,"column":0},"end":{"line":46,"column":32}}},"fnMap":{"0":{"name":"(anonymous_0)","decl":{"start":{"line":29,"column":39},"end":{"line":29,"column":40}},"loc":{"start":{"line":29,"column":50},"end":{"line":32,"column":1}},"line":29},"1":{"name":"validateUser","decl":{"start":{"line":36,"column":9},"end":{"line":36,"column":21}},"loc":{"start":{"line":36,"column":28},"end":{"line":44,"column":1}},"line":36}},"branchMap":{},"s":{"0":4,"1":4,"2":4,"3":4,"4":4,"5":4,"6":10,"7":10,"8":4,"9":0,"10":0,"11":4,"12":4},"f":{"0":10,"1":0},"b":{},"_coverageSchema":"1a1c01bbd47fc00a2c39e90264f33305004495a9","hash":"2eedc3d294e2f7e1d929215d078d473e9b7c6e30"}
,"C:\\Users\\Peter Ly\\Desktop\\FutureProof\\post-fp\\vanillaJS\\vidly\\routes\\auth.js": {"path":"C:\\Users\\Peter Ly\\Desktop\\FutureProof\\post-fp\\vanillaJS\\vidly\\routes\\auth.js","statementMap":{"0":{"start":{"line":1,"column":12},"end":{"line":1,"column":26}},"1":{"start":{"line":2,"column":15},"end":{"line":2,"column":32}},"2":{"start":{"line":3,"column":10},"end":{"line":3,"column":27}},"3":{"start":{"line":4,"column":17},"end":{"line":4,"column":42}},"4":{"start":{"line":5,"column":17},"end":{"line":5,"column":36}},"5":{"start":{"line":6,"column":16},"end":{"line":6,"column":34}},"6":{"start":{"line":7,"column":15},"end":{"line":7,"column":31}},"7":{"start":{"line":9,"column":0},"end":{"line":21,"column":3}},"8":{"start":{"line":10,"column":20},"end":{"line":10,"column":38}},"9":{"start":{"line":11,"column":2},"end":{"line":11,"column":67}},"10":{"start":{"line":11,"column":13},"end":{"line":11,"column":67}},"11":{"start":{"line":13,"column":13},"end":{"line":13,"column":58}},"12":{"start":{"line":14,"column":2},"end":{"line":14,"column":70}},"13":{"start":{"line":14,"column":13},"end":{"line":14,"column":70}},"14":{"start":{"line":16,"column":24},"end":{"line":16,"column":78}},"15":{"start":{"line":17,"column":2},"end":{"line":17,"column":79}},"16":{"start":{"line":17,"column":22},"end":{"line":17,"column":79}},"17":{"start":{"line":19,"column":16},"end":{"line":19,"column":40}},"18":{"start":{"line":20,"column":2},"end":{"line":20,"column":18}},"19":{"start":{"line":24,"column":19},"end":{"line":27,"column":5}},"20":{"start":{"line":29,"column":4},"end":{"line":29,"column":37}},"21":{"start":{"line":32,"column":0},"end":{"line":32,"column":24}}},"fnMap":{"0":{"name":"(anonymous_0)","decl":{"start":{"line":9,"column":17},"end":{"line":9,"column":18}},"loc":{"start":{"line":9,"column":37},"end":{"line":21,"column":1}},"line":9},"1":{"name":"validate","decl":{"start":{"line":23,"column":11},"end":{"line":23,"column":19}},"loc":{"start":{"line":23,"column":25},"end":{"line":30,"column":3}},"line":23}},"branchMap":{"0":{"loc":{"start":{"line":11,"column":2},"end":{"line":11,"column":67}},"type":"if","locations":[{"start":{"line":11,"column":2},"end":{"line":11,"column":67}},{"start":{},"end":{}}],"line":11},"1":{"loc":{"start":{"line":14,"column":2},"end":{"line":14,"column":70}},"type":"if","locations":[{"start":{"line":14,"column":2},"end":{"line":14,"column":70}},{"start":{},"end":{}}],"line":14},"2":{"loc":{"start":{"line":17,"column":2},"end":{"line":17,"column":79}},"type":"if","locations":[{"start":{"line":17,"column":2},"end":{"line":17,"column":79}},{"start":{},"end":{}}],"line":17}},"s":{"0":2,"1":2,"2":2,"3":2,"4":2,"5":2,"6":2,"7":2,"8":0,"9":0,"10":0,"11":0,"12":0,"13":0,"14":0,"15":0,"16":0,"17":0,"18":0,"19":0,"20":0,"21":2},"f":{"0":0,"1":0},"b":{"0":[0,0],"1":[0,0],"2":[0,0]},"_coverageSchema":"1a1c01bbd47fc00a2c39e90264f33305004495a9","hash":"6c202713e988b780b373a409cf4fe6b1c701ad5f"}
,"C:\\Users\\Peter Ly\\Desktop\\FutureProof\\post-fp\\vanillaJS\\vidly\\routes\\customers.js": {"path":"C:\\Users\\Peter Ly\\Desktop\\FutureProof\\post-fp\\vanillaJS\\vidly\\routes\\customers.js","statementMap":{"0":{"start":{"line":1,"column":31},"end":{"line":1,"column":60}},"1":{"start":{"line":2,"column":17},"end":{"line":2,"column":36}},"2":{"start":{"line":3,"column":16},"end":{"line":3,"column":34}},"3":{"start":{"line":4,"column":15},"end":{"line":4,"column":31}},"4":{"start":{"line":6,"column":0},"end":{"line":9,"column":3}},"5":{"start":{"line":7,"column":20},"end":{"line":7,"column":54}},"6":{"start":{"line":8,"column":2},"end":{"line":8,"column":22}},"7":{"start":{"line":11,"column":0},"end":{"line":17,"column":3}},"8":{"start":{"line":12,"column":19},"end":{"line":12,"column":57}},"9":{"start":{"line":14,"column":2},"end":{"line":14,"column":71}},"10":{"start":{"line":14,"column":17},"end":{"line":14,"column":71}},"11":{"start":{"line":16,"column":2},"end":{"line":16,"column":21}},"12":{"start":{"line":19,"column":0},"end":{"line":31,"column":3}},"13":{"start":{"line":20,"column":20},"end":{"line":20,"column":38}},"14":{"start":{"line":21,"column":2},"end":{"line":21,"column":67}},"15":{"start":{"line":21,"column":13},"end":{"line":21,"column":67}},"16":{"start":{"line":23,"column":17},"end":{"line":27,"column":4}},"17":{"start":{"line":28,"column":2},"end":{"line":28,"column":35}},"18":{"start":{"line":30,"column":2},"end":{"line":30,"column":21}},"19":{"start":{"line":33,"column":0},"end":{"line":47,"column":5}},"20":{"start":{"line":34,"column":22},"end":{"line":34,"column":40}},"21":{"start":{"line":35,"column":4},"end":{"line":35,"column":69}},"22":{"start":{"line":35,"column":15},"end":{"line":35,"column":69}},"23":{"start":{"line":37,"column":21},"end":{"line":42,"column":25}},"24":{"start":{"line":44,"column":4},"end":{"line":44,"column":73}},"25":{"start":{"line":44,"column":19},"end":{"line":44,"column":73}},"26":{"start":{"line":46,"column":4},"end":{"line":46,"column":23}},"27":{"start":{"line":49,"column":2},"end":{"line":55,"column":5}},"28":{"start":{"line":50,"column":21},"end":{"line":50,"column":68}},"29":{"start":{"line":52,"column":4},"end":{"line":52,"column":73}},"30":{"start":{"line":52,"column":19},"end":{"line":52,"column":73}},"31":{"start":{"line":54,"column":4},"end":{"line":54,"column":23}},"32":{"start":{"line":57,"column":0},"end":{"line":57,"column":24}}},"fnMap":{"0":{"name":"(anonymous_0)","decl":{"start":{"line":6,"column":16},"end":{"line":6,"column":17}},"loc":{"start":{"line":6,"column":36},"end":{"line":9,"column":1}},"line":6},"1":{"name":"(anonymous_1)","decl":{"start":{"line":11,"column":19},"end":{"line":11,"column":20}},"loc":{"start":{"line":11,"column":39},"end":{"line":17,"column":1}},"line":11},"2":{"name":"(anonymous_2)","decl":{"start":{"line":19,"column":17},"end":{"line":19,"column":18}},"loc":{"start":{"line":19,"column":37},"end":{"line":31,"column":1}},"line":19},"3":{"name":"(anonymous_3)","decl":{"start":{"line":33,"column":19},"end":{"line":33,"column":20}},"loc":{"start":{"line":33,"column":39},"end":{"line":47,"column":3}},"line":33},"4":{"name":"(anonymous_4)","decl":{"start":{"line":49,"column":24},"end":{"line":49,"column":25}},"loc":{"start":{"line":49,"column":44},"end":{"line":55,"column":3}},"line":49}},"branchMap":{"0":{"loc":{"start":{"line":14,"column":2},"end":{"line":14,"column":71}},"type":"if","locations":[{"start":{"line":14,"column":2},"end":{"line":14,"column":71}},{"start":{},"end":{}}],"line":14},"1":{"loc":{"start":{"line":21,"column":2},"end":{"line":21,"column":67}},"type":"if","locations":[{"start":{"line":21,"column":2},"end":{"line":21,"column":67}},{"start":{},"end":{}}],"line":21},"2":{"loc":{"start":{"line":35,"column":4},"end":{"line":35,"column":69}},"type":"if","locations":[{"start":{"line":35,"column":4},"end":{"line":35,"column":69}},{"start":{},"end":{}}],"line":35},"3":{"loc":{"start":{"line":44,"column":4},"end":{"line":44,"column":73}},"type":"if","locations":[{"start":{"line":44,"column":4},"end":{"line":44,"column":73}},{"start":{},"end":{}}],"line":44},"4":{"loc":{"start":{"line":52,"column":4},"end":{"line":52,"column":73}},"type":"if","locations":[{"start":{"line":52,"column":4},"end":{"line":52,"column":73}},{"start":{},"end":{}}],"line":52}},"s":{"0":2,"1":2,"2":2,"3":2,"4":2,"5":0,"6":0,"7":2,"8":0,"9":0,"10":0,"11":0,"12":2,"13":0,"14":0,"15":0,"16":0,"17":0,"18":0,"19":2,"20":0,"21":0,"22":0,"23":0,"24":0,"25":0,"26":0,"27":2,"28":0,"29":0,"30":0,"31":0,"32":2},"f":{"0":0,"1":0,"2":0,"3":0,"4":0},"b":{"0":[0,0],"1":[0,0],"2":[0,0],"3":[0,0],"4":[0,0]},"_coverageSchema":"1a1c01bbd47fc00a2c39e90264f33305004495a9","hash":"42db36598cab4c006c88c1fc404ea84763152420"}
,"C:\\Users\\Peter Ly\\Desktop\\FutureProof\\post-fp\\vanillaJS\\vidly\\routes\\genres.js": {"path":"C:\\Users\\Peter Ly\\Desktop\\FutureProof\\post-fp\\vanillaJS\\vidly\\routes\\genres.js","statementMap":{"0":{"start":{"line":1,"column":25},"end":{"line":1,"column":66}},"1":{"start":{"line":2,"column":13},"end":{"line":2,"column":42}},"2":{"start":{"line":3,"column":14},"end":{"line":3,"column":44}},"3":{"start":{"line":4,"column":28},"end":{"line":4,"column":54}},"4":{"start":{"line":5,"column":17},"end":{"line":5,"column":36}},"5":{"start":{"line":6,"column":16},"end":{"line":6,"column":34}},"6":{"start":{"line":7,"column":15},"end":{"line":7,"column":31}},"7":{"start":{"line":9,"column":0},"end":{"line":13,"column":3}},"8":{"start":{"line":11,"column":17},"end":{"line":11,"column":48}},"9":{"start":{"line":12,"column":2},"end":{"line":12,"column":19}},"10":{"start":{"line":15,"column":0},"end":{"line":21,"column":3}},"11":{"start":{"line":16,"column":16},"end":{"line":16,"column":51}},"12":{"start":{"line":18,"column":2},"end":{"line":18,"column":65}},"13":{"start":{"line":18,"column":14},"end":{"line":18,"column":65}},"14":{"start":{"line":20,"column":2},"end":{"line":20,"column":18}},"15":{"start":{"line":23,"column":0},"end":{"line":31,"column":3}},"16":{"start":{"line":24,"column":20},"end":{"line":24,"column":38}},"17":{"start":{"line":25,"column":2},"end":{"line":25,"column":67}},"18":{"start":{"line":25,"column":13},"end":{"line":25,"column":67}},"19":{"start":{"line":27,"column":14},"end":{"line":27,"column":48}},"20":{"start":{"line":28,"column":2},"end":{"line":28,"column":29}},"21":{"start":{"line":30,"column":2},"end":{"line":30,"column":18}},"22":{"start":{"line":33,"column":0},"end":{"line":48,"column":3}},"23":{"start":{"line":34,"column":20},"end":{"line":34,"column":38}},"24":{"start":{"line":35,"column":2},"end":{"line":35,"column":67}},"25":{"start":{"line":35,"column":13},"end":{"line":35,"column":67}},"26":{"start":{"line":37,"column":16},"end":{"line":43,"column":3}},"27":{"start":{"line":45,"column":2},"end":{"line":45,"column":65}},"28":{"start":{"line":45,"column":14},"end":{"line":45,"column":65}},"29":{"start":{"line":47,"column":2},"end":{"line":47,"column":18}},"30":{"start":{"line":50,"column":0},"end":{"line":56,"column":3}},"31":{"start":{"line":51,"column":16},"end":{"line":51,"column":60}},"32":{"start":{"line":53,"column":2},"end":{"line":53,"column":65}},"33":{"start":{"line":53,"column":14},"end":{"line":53,"column":65}},"34":{"start":{"line":55,"column":2},"end":{"line":55,"column":18}},"35":{"start":{"line":58,"column":0},"end":{"line":58,"column":24}}},"fnMap":{"0":{"name":"(anonymous_0)","decl":{"start":{"line":9,"column":16},"end":{"line":9,"column":17}},"loc":{"start":{"line":9,"column":36},"end":{"line":13,"column":1}},"line":9},"1":{"name":"(anonymous_1)","decl":{"start":{"line":15,"column":37},"end":{"line":15,"column":38}},"loc":{"start":{"line":15,"column":57},"end":{"line":21,"column":1}},"line":15},"2":{"name":"(anonymous_2)","decl":{"start":{"line":23,"column":23},"end":{"line":23,"column":24}},"loc":{"start":{"line":23,"column":43},"end":{"line":31,"column":1}},"line":23},"3":{"name":"(anonymous_3)","decl":{"start":{"line":33,"column":19},"end":{"line":33,"column":20}},"loc":{"start":{"line":33,"column":39},"end":{"line":48,"column":1}},"line":33},"4":{"name":"(anonymous_4)","decl":{"start":{"line":50,"column":37},"end":{"line":50,"column":38}},"loc":{"start":{"line":50,"column":57},"end":{"line":56,"column":1}},"line":50}},"branchMap":{"0":{"loc":{"start":{"line":18,"column":2},"end":{"line":18,"column":65}},"type":"if","locations":[{"start":{"line":18,"column":2},"end":{"line":18,"column":65}},{"start":{},"end":{}}],"line":18},"1":{"loc":{"start":{"line":25,"column":2},"end":{"line":25,"column":67}},"type":"if","locations":[{"start":{"line":25,"column":2},"end":{"line":25,"column":67}},{"start":{},"end":{}}],"line":25},"2":{"loc":{"start":{"line":35,"column":2},"end":{"line":35,"column":67}},"type":"if","locations":[{"start":{"line":35,"column":2},"end":{"line":35,"column":67}},{"start":{},"end":{}}],"line":35},"3":{"loc":{"start":{"line":45,"column":2},"end":{"line":45,"column":65}},"type":"if","locations":[{"start":{"line":45,"column":2},"end":{"line":45,"column":65}},{"start":{},"end":{}}],"line":45},"4":{"loc":{"start":{"line":53,"column":2},"end":{"line":53,"column":65}},"type":"if","locations":[{"start":{"line":53,"column":2},"end":{"line":53,"column":65}},{"start":{},"end":{}}],"line":53}},"s":{"0":2,"1":2,"2":2,"3":2,"4":2,"5":2,"6":2,"7":2,"8":1,"9":1,"10":2,"11":2,"12":2,"13":1,"14":1,"15":2,"16":5,"17":5,"18":2,"19":3,"20":3,"21":3,"22":2,"23":0,"24":0,"25":0,"26":0,"27":0,"28":0,"29":0,"30":2,"31":0,"32":0,"33":0,"34":0,"35":2},"f":{"0":1,"1":2,"2":5,"3":0,"4":0},"b":{"0":[1,1],"1":[2,3],"2":[0,0],"3":[0,0],"4":[0,0]},"_coverageSchema":"1a1c01bbd47fc00a2c39e90264f33305004495a9","hash":"86ad77675e81a3f11cb95039254e65082baaa655"}
,"C:\\Users\\Peter Ly\\Desktop\\FutureProof\\post-fp\\vanillaJS\\vidly\\routes\\movies.js": {"path":"C:\\Users\\Peter Ly\\Desktop\\FutureProof\\post-fp\\vanillaJS\\vidly\\routes\\movies.js","statementMap":{"0":{"start":{"line":1,"column":26},"end":{"line":1,"column":52}},"1":{"start":{"line":2,"column":16},"end":{"line":2,"column":42}},"2":{"start":{"line":3,"column":17},"end":{"line":3,"column":36}},"3":{"start":{"line":4,"column":16},"end":{"line":4,"column":34}},"4":{"start":{"line":5,"column":15},"end":{"line":5,"column":31}},"5":{"start":{"line":7,"column":0},"end":{"line":10,"column":3}},"6":{"start":{"line":8,"column":17},"end":{"line":8,"column":48}},"7":{"start":{"line":9,"column":2},"end":{"line":9,"column":19}},"8":{"start":{"line":12,"column":0},"end":{"line":31,"column":3}},"9":{"start":{"line":13,"column":20},"end":{"line":13,"column":38}},"10":{"start":{"line":14,"column":2},"end":{"line":14,"column":67}},"11":{"start":{"line":14,"column":13},"end":{"line":14,"column":67}},"12":{"start":{"line":16,"column":16},"end":{"line":16,"column":54}},"13":{"start":{"line":17,"column":2},"end":{"line":17,"column":60}},"14":{"start":{"line":17,"column":14},"end":{"line":17,"column":60}},"15":{"start":{"line":19,"column":16},"end":{"line":27,"column":4}},"16":{"start":{"line":28,"column":2},"end":{"line":28,"column":21}},"17":{"start":{"line":30,"column":2},"end":{"line":30,"column":18}},"18":{"start":{"line":33,"column":0},"end":{"line":54,"column":3}},"19":{"start":{"line":34,"column":20},"end":{"line":34,"column":38}},"20":{"start":{"line":35,"column":2},"end":{"line":35,"column":67}},"21":{"start":{"line":35,"column":13},"end":{"line":35,"column":67}},"22":{"start":{"line":37,"column":16},"end":{"line":37,"column":54}},"23":{"start":{"line":38,"column":2},"end":{"line":38,"column":60}},"24":{"start":{"line":38,"column":14},"end":{"line":38,"column":60}},"25":{"start":{"line":40,"column":16},"end":{"line":49,"column":21}},"26":{"start":{"line":51,"column":2},"end":{"line":51,"column":88}},"27":{"start":{"line":51,"column":14},"end":{"line":51,"column":88}},"28":{"start":{"line":53,"column":2},"end":{"line":53,"column":18}},"29":{"start":{"line":56,"column":0},"end":{"line":62,"column":3}},"30":{"start":{"line":57,"column":16},"end":{"line":57,"column":60}},"31":{"start":{"line":59,"column":2},"end":{"line":59,"column":88}},"32":{"start":{"line":59,"column":14},"end":{"line":59,"column":88}},"33":{"start":{"line":61,"column":2},"end":{"line":61,"column":18}},"34":{"start":{"line":64,"column":0},"end":{"line":70,"column":3}},"35":{"start":{"line":65,"column":16},"end":{"line":65,"column":51}},"36":{"start":{"line":67,"column":2},"end":{"line":67,"column":88}},"37":{"start":{"line":67,"column":14},"end":{"line":67,"column":88}},"38":{"start":{"line":69,"column":2},"end":{"line":69,"column":18}},"39":{"start":{"line":72,"column":0},"end":{"line":72,"column":24}}},"fnMap":{"0":{"name":"(anonymous_0)","decl":{"start":{"line":7,"column":16},"end":{"line":7,"column":17}},"loc":{"start":{"line":7,"column":36},"end":{"line":10,"column":1}},"line":7},"1":{"name":"(anonymous_1)","decl":{"start":{"line":12,"column":17},"end":{"line":12,"column":18}},"loc":{"start":{"line":12,"column":37},"end":{"line":31,"column":1}},"line":12},"2":{"name":"(anonymous_2)","decl":{"start":{"line":33,"column":19},"end":{"line":33,"column":20}},"loc":{"start":{"line":33,"column":39},"end":{"line":54,"column":1}},"line":33},"3":{"name":"(anonymous_3)","decl":{"start":{"line":56,"column":22},"end":{"line":56,"column":23}},"loc":{"start":{"line":56,"column":42},"end":{"line":62,"column":1}},"line":56},"4":{"name":"(anonymous_4)","decl":{"start":{"line":64,"column":19},"end":{"line":64,"column":20}},"loc":{"start":{"line":64,"column":39},"end":{"line":70,"column":1}},"line":64}},"branchMap":{"0":{"loc":{"start":{"line":14,"column":2},"end":{"line":14,"column":67}},"type":"if","locations":[{"start":{"line":14,"column":2},"end":{"line":14,"column":67}},{"start":{},"end":{}}],"line":14},"1":{"loc":{"start":{"line":17,"column":2},"end":{"line":17,"column":60}},"type":"if","locations":[{"start":{"line":17,"column":2},"end":{"line":17,"column":60}},{"start":{},"end":{}}],"line":17},"2":{"loc":{"start":{"line":35,"column":2},"end":{"line":35,"column":67}},"type":"if","locations":[{"start":{"line":35,"column":2},"end":{"line":35,"column":67}},{"start":{},"end":{}}],"line":35},"3":{"loc":{"start":{"line":38,"column":2},"end":{"line":38,"column":60}},"type":"if","locations":[{"start":{"line":38,"column":2},"end":{"line":38,"column":60}},{"start":{},"end":{}}],"line":38},"4":{"loc":{"start":{"line":51,"column":2},"end":{"line":51,"column":88}},"type":"if","locations":[{"start":{"line":51,"column":2},"end":{"line":51,"column":88}},{"start":{},"end":{}}],"line":51},"5":{"loc":{"start":{"line":59,"column":2},"end":{"line":59,"column":88}},"type":"if","locations":[{"start":{"line":59,"column":2},"end":{"line":59,"column":88}},{"start":{},"end":{}}],"line":59},"6":{"loc":{"start":{"line":67,"column":2},"end":{"line":67,"column":88}},"type":"if","locations":[{"start":{"line":67,"column":2},"end":{"line":67,"column":88}},{"start":{},"end":{}}],"line":67}},"s":{"0":2,"1":2,"2":2,"3":2,"4":2,"5":2,"6":0,"7":0,"8":2,"9":0,"10":0,"11":0,"12":0,"13":0,"14":0,"15":0,"16":0,"17":0,"18":2,"19":0,"20":0,"21":0,"22":0,"23":0,"24":0,"25":0,"26":0,"27":0,"28":0,"29":2,"30":0,"31":0,"32":0,"33":0,"34":2,"35":0,"36":0,"37":0,"38":0,"39":2},"f":{"0":0,"1":0,"2":0,"3":0,"4":0},"b":{"0":[0,0],"1":[0,0],"2":[0,0],"3":[0,0],"4":[0,0],"5":[0,0],"6":[0,0]},"_coverageSchema":"1a1c01bbd47fc00a2c39e90264f33305004495a9","hash":"4f1c4578975c83767114373e95f276f216b675ad"}
,"C:\\Users\\Peter Ly\\Desktop\\FutureProof\\post-fp\\vanillaJS\\vidly\\routes\\rentals.js": {"path":"C:\\Users\\Peter Ly\\Desktop\\FutureProof\\post-fp\\vanillaJS\\vidly\\routes\\rentals.js","statementMap":{"0":{"start":{"line":1,"column":27},"end":{"line":1,"column":54}},"1":{"start":{"line":2,"column":16},"end":{"line":2,"column":42}},"2":{"start":{"line":3,"column":19},"end":{"line":3,"column":48}},"3":{"start":{"line":4,"column":17},"end":{"line":4,"column":36}},"4":{"start":{"line":5,"column":13},"end":{"line":5,"column":28}},"5":{"start":{"line":6,"column":16},"end":{"line":6,"column":34}},"6":{"start":{"line":7,"column":15},"end":{"line":7,"column":31}},"7":{"start":{"line":9,"column":0},"end":{"line":9,"column":20}},"8":{"start":{"line":11,"column":0},"end":{"line":14,"column":3}},"9":{"start":{"line":12,"column":18},"end":{"line":12,"column":54}},"10":{"start":{"line":13,"column":2},"end":{"line":13,"column":20}},"11":{"start":{"line":16,"column":0},"end":{"line":54,"column":3}},"12":{"start":{"line":17,"column":20},"end":{"line":17,"column":38}},"13":{"start":{"line":18,"column":2},"end":{"line":18,"column":67}},"14":{"start":{"line":18,"column":13},"end":{"line":18,"column":67}},"15":{"start":{"line":20,"column":19},"end":{"line":20,"column":63}},"16":{"start":{"line":21,"column":2},"end":{"line":21,"column":66}},"17":{"start":{"line":21,"column":17},"end":{"line":21,"column":66}},"18":{"start":{"line":23,"column":16},"end":{"line":23,"column":54}},"19":{"start":{"line":24,"column":2},"end":{"line":24,"column":60}},"20":{"start":{"line":24,"column":14},"end":{"line":24,"column":60}},"21":{"start":{"line":26,"column":2},"end":{"line":26,"column":84}},"22":{"start":{"line":26,"column":33},"end":{"line":26,"column":84}},"23":{"start":{"line":28,"column":15},"end":{"line":39,"column":4}},"24":{"start":{"line":41,"column":2},"end":{"line":53,"column":3}},"25":{"start":{"line":42,"column":4},"end":{"line":47,"column":13}},"26":{"start":{"line":49,"column":4},"end":{"line":49,"column":21}},"27":{"start":{"line":52,"column":4},"end":{"line":52,"column":46}},"28":{"start":{"line":56,"column":0},"end":{"line":62,"column":3}},"29":{"start":{"line":57,"column":17},"end":{"line":57,"column":53}},"30":{"start":{"line":59,"column":2},"end":{"line":59,"column":90}},"31":{"start":{"line":59,"column":15},"end":{"line":59,"column":90}},"32":{"start":{"line":61,"column":2},"end":{"line":61,"column":19}},"33":{"start":{"line":64,"column":0},"end":{"line":64,"column":24}}},"fnMap":{"0":{"name":"(anonymous_0)","decl":{"start":{"line":11,"column":16},"end":{"line":11,"column":17}},"loc":{"start":{"line":11,"column":36},"end":{"line":14,"column":1}},"line":11},"1":{"name":"(anonymous_1)","decl":{"start":{"line":16,"column":17},"end":{"line":16,"column":18}},"loc":{"start":{"line":16,"column":37},"end":{"line":54,"column":1}},"line":16},"2":{"name":"(anonymous_2)","decl":{"start":{"line":56,"column":19},"end":{"line":56,"column":20}},"loc":{"start":{"line":56,"column":39},"end":{"line":62,"column":1}},"line":56}},"branchMap":{"0":{"loc":{"start":{"line":18,"column":2},"end":{"line":18,"column":67}},"type":"if","locations":[{"start":{"line":18,"column":2},"end":{"line":18,"column":67}},{"start":{},"end":{}}],"line":18},"1":{"loc":{"start":{"line":21,"column":2},"end":{"line":21,"column":66}},"type":"if","locations":[{"start":{"line":21,"column":2},"end":{"line":21,"column":66}},{"start":{},"end":{}}],"line":21},"2":{"loc":{"start":{"line":24,"column":2},"end":{"line":24,"column":60}},"type":"if","locations":[{"start":{"line":24,"column":2},"end":{"line":24,"column":60}},{"start":{},"end":{}}],"line":24},"3":{"loc":{"start":{"line":26,"column":2},"end":{"line":26,"column":84}},"type":"if","locations":[{"start":{"line":26,"column":2},"end":{"line":26,"column":84}},{"start":{},"end":{}}],"line":26},"4":{"loc":{"start":{"line":59,"column":2},"end":{"line":59,"column":90}},"type":"if","locations":[{"start":{"line":59,"column":2},"end":{"line":59,"column":90}},{"start":{},"end":{}}],"line":59}},"s":{"0":2,"1":2,"2":2,"3":2,"4":2,"5":2,"6":2,"7":2,"8":2,"9":0,"10":0,"11":2,"12":0,"13":0,"14":0,"15":0,"16":0,"17":0,"18":0,"19":0,"20":0,"21":0,"22":0,"23":0,"24":0,"25":0,"26":0,"27":0,"28":2,"29":0,"30":0,"31":0,"32":0,"33":2},"f":{"0":0,"1":0,"2":0},"b":{"0":[0,0],"1":[0,0],"2":[0,0],"3":[0,0],"4":[0,0]},"_coverageSchema":"1a1c01bbd47fc00a2c39e90264f33305004495a9","hash":"6a41440bd0045326c45e7c819fb3a6dd048f7d74"}
,"C:\\Users\\Peter Ly\\Desktop\\FutureProof\\post-fp\\vanillaJS\\vidly\\routes\\users.js": {"path":"C:\\Users\\Peter Ly\\Desktop\\FutureProof\\post-fp\\vanillaJS\\vidly\\routes\\users.js","statementMap":{"0":{"start":{"line":1,"column":13},"end":{"line":1,"column":42}},"1":{"start":{"line":2,"column":12},"end":{"line":2,"column":35}},"2":{"start":{"line":3,"column":15},"end":{"line":3,"column":32}},"3":{"start":{"line":4,"column":15},"end":{"line":4,"column":32}},"4":{"start":{"line":5,"column":10},"end":{"line":5,"column":27}},"5":{"start":{"line":6,"column":27},"end":{"line":6,"column":52}},"6":{"start":{"line":7,"column":17},"end":{"line":7,"column":36}},"7":{"start":{"line":8,"column":16},"end":{"line":8,"column":34}},"8":{"start":{"line":9,"column":15},"end":{"line":9,"column":31}},"9":{"start":{"line":11,"column":0},"end":{"line":14,"column":3}},"10":{"start":{"line":12,"column":15},"end":{"line":12,"column":68}},"11":{"start":{"line":13,"column":2},"end":{"line":13,"column":17}},"12":{"start":{"line":16,"column":0},"end":{"line":30,"column":5}},"13":{"start":{"line":17,"column":20},"end":{"line":17,"column":38}},"14":{"start":{"line":18,"column":2},"end":{"line":18,"column":67}},"15":{"start":{"line":18,"column":13},"end":{"line":18,"column":67}},"16":{"start":{"line":20,"column":13},"end":{"line":20,"column":58}},"17":{"start":{"line":21,"column":2},"end":{"line":21,"column":75}},"18":{"start":{"line":21,"column":12},"end":{"line":21,"column":75}},"19":{"start":{"line":23,"column":2},"end":{"line":23,"column":67}},"20":{"start":{"line":24,"column":15},"end":{"line":24,"column":39}},"21":{"start":{"line":25,"column":2},"end":{"line":25,"column":57}},"22":{"start":{"line":26,"column":2},"end":{"line":26,"column":27}},"23":{"start":{"line":28,"column":16},"end":{"line":28,"column":40}},"24":{"start":{"line":29,"column":2},"end":{"line":29,"column":81}},"25":{"start":{"line":32,"column":0},"end":{"line":32,"column":24}}},"fnMap":{"0":{"name":"(anonymous_0)","decl":{"start":{"line":11,"column":24},"end":{"line":11,"column":25}},"loc":{"start":{"line":11,"column":44},"end":{"line":14,"column":1}},"line":11},"1":{"name":"(anonymous_1)","decl":{"start":{"line":16,"column":17},"end":{"line":16,"column":18}},"loc":{"start":{"line":16,"column":37},"end":{"line":30,"column":3}},"line":16}},"branchMap":{"0":{"loc":{"start":{"line":18,"column":2},"end":{"line":18,"column":67}},"type":"if","locations":[{"start":{"line":18,"column":2},"end":{"line":18,"column":67}},{"start":{},"end":{}}],"line":18},"1":{"loc":{"start":{"line":21,"column":2},"end":{"line":21,"column":75}},"type":"if","locations":[{"start":{"line":21,"column":2},"end":{"line":21,"column":75}},{"start":{},"end":{}}],"line":21}},"s":{"0":2,"1":2,"2":2,"3":2,"4":2,"5":2,"6":2,"7":2,"8":2,"9":2,"10":0,"11":0,"12":2,"13":0,"14":0,"15":0,"16":0,"17":0,"18":0,"19":0,"20":0,"21":0,"22":0,"23":0,"24":0,"25":2},"f":{"0":0,"1":0},"b":{"0":[0,0],"1":[0,0]},"_coverageSchema":"1a1c01bbd47fc00a2c39e90264f33305004495a9","hash":"afaa12365c10e8a39ab61c953ed6acd9fbbe0399"}
,"C:\\Users\\Peter Ly\\Desktop\\FutureProof\\post-fp\\vanillaJS\\vidly\\startup\\config.js": {"path":"C:\\Users\\Peter Ly\\Desktop\\FutureProof\\post-fp\\vanillaJS\\vidly\\startup\\config.js","statementMap":{"0":{"start":{"line":1,"column":15},"end":{"line":1,"column":32}},"1":{"start":{"line":3,"column":0},"end":{"line":7,"column":1}},"2":{"start":{"line":4,"column":2},"end":{"line":6,"column":3}},"3":{"start":{"line":5,"column":4},"end":{"line":5,"column":66}}},"fnMap":{"0":{"name":"(anonymous_0)","decl":{"start":{"line":3,"column":17},"end":{"line":3,"column":18}},"loc":{"start":{"line":3,"column":29},"end":{"line":7,"column":1}},"line":3}},"branchMap":{"0":{"loc":{"start":{"line":4,"column":2},"end":{"line":6,"column":3}},"type":"if","locations":[{"start":{"line":4,"column":2},"end":{"line":6,"column":3}},{"start":{},"end":{}}],"line":4}},"s":{"0":2,"1":2,"2":2,"3":0},"f":{"0":2},"b":{"0":[0,2]},"_coverageSchema":"1a1c01bbd47fc00a2c39e90264f33305004495a9","hash":"5d544fcefd8a4b6b4bc72e8f64926f5c2c002513"}
,"C:\\Users\\Peter Ly\\Desktop\\FutureProof\\post-fp\\vanillaJS\\vidly\\startup\\db.js": {"path":"C:\\Users\\Peter Ly\\Desktop\\FutureProof\\post-fp\\vanillaJS\\vidly\\startup\\db.js","statementMap":{"0":{"start":{"line":1,"column":16},"end":{"line":1,"column":34}},"1":{"start":{"line":2,"column":17},"end":{"line":2,"column":36}},"2":{"start":{"line":3,"column":15},"end":{"line":3,"column":32}},"3":{"start":{"line":5,"column":0},"end":{"line":10,"column":2}},"4":{"start":{"line":6,"column":15},"end":{"line":6,"column":31}},"5":{"start":{"line":7,"column":4},"end":{"line":8,"column":55}},"6":{"start":{"line":8,"column":16},"end":{"line":8,"column":53}}},"fnMap":{"0":{"name":"(anonymous_0)","decl":{"start":{"line":5,"column":17},"end":{"line":5,"column":18}},"loc":{"start":{"line":5,"column":29},"end":{"line":10,"column":1}},"line":5},"1":{"name":"(anonymous_1)","decl":{"start":{"line":8,"column":10},"end":{"line":8,"column":11}},"loc":{"start":{"line":8,"column":16},"end":{"line":8,"column":53}},"line":8}},"branchMap":{},"s":{"0":2,"1":2,"2":2,"3":2,"4":2,"5":2,"6":2},"f":{"0":2,"1":2},"b":{},"_coverageSchema":"1a1c01bbd47fc00a2c39e90264f33305004495a9","hash":"c8cb5c19e3e5943994b9c27d6d052940242585bc"}
,"C:\\Users\\Peter Ly\\Desktop\\FutureProof\\post-fp\\vanillaJS\\vidly\\startup\\logging.js": {"path":"C:\\Users\\Peter Ly\\Desktop\\FutureProof\\post-fp\\vanillaJS\\vidly\\startup\\logging.js","statementMap":{"0":{"start":{"line":1,"column":16},"end":{"line":1,"column":34}},"1":{"start":{"line":2,"column":0},"end":{"line":2,"column":27}},"2":{"start":{"line":3,"column":0},"end":{"line":3,"column":32}},"3":{"start":{"line":5,"column":0},"end":{"line":20,"column":1}},"4":{"start":{"line":6,"column":2},"end":{"line":9,"column":4}},"5":{"start":{"line":11,"column":2},"end":{"line":13,"column":5}},"6":{"start":{"line":12,"column":4},"end":{"line":12,"column":13}},"7":{"start":{"line":15,"column":2},"end":{"line":15,"column":68}},"8":{"start":{"line":16,"column":2},"end":{"line":19,"column":5}}},"fnMap":{"0":{"name":"(anonymous_0)","decl":{"start":{"line":5,"column":17},"end":{"line":5,"column":18}},"loc":{"start":{"line":5,"column":29},"end":{"line":20,"column":1}},"line":5},"1":{"name":"(anonymous_1)","decl":{"start":{"line":11,"column":35},"end":{"line":11,"column":36}},"loc":{"start":{"line":11,"column":43},"end":{"line":13,"column":3}},"line":11}},"branchMap":{},"s":{"0":2,"1":2,"2":2,"3":2,"4":2,"5":2,"6":0,"7":2,"8":2},"f":{"0":2,"1":0},"b":{},"_coverageSchema":"1a1c01bbd47fc00a2c39e90264f33305004495a9","hash":"a9f7441ab9cd8070d03689912ad2d8a3f29dcb93"}
,"C:\\Users\\Peter Ly\\Desktop\\FutureProof\\post-fp\\vanillaJS\\vidly\\startup\\routes.js": {"path":"C:\\Users\\Peter Ly\\Desktop\\FutureProof\\post-fp\\vanillaJS\\vidly\\startup\\routes.js","statementMap":{"0":{"start":{"line":1,"column":16},"end":{"line":1,"column":34}},"1":{"start":{"line":2,"column":15},"end":{"line":2,"column":42}},"2":{"start":{"line":3,"column":18},"end":{"line":3,"column":48}},"3":{"start":{"line":4,"column":15},"end":{"line":4,"column":42}},"4":{"start":{"line":5,"column":16},"end":{"line":5,"column":44}},"5":{"start":{"line":6,"column":14},"end":{"line":6,"column":40}},"6":{"start":{"line":7,"column":13},"end":{"line":7,"column":38}},"7":{"start":{"line":8,"column":14},"end":{"line":8,"column":44}},"8":{"start":{"line":10,"column":0},"end":{"line":19,"column":2}},"9":{"start":{"line":11,"column":2},"end":{"line":11,"column":26}},"10":{"start":{"line":12,"column":2},"end":{"line":12,"column":33}},"11":{"start":{"line":13,"column":2},"end":{"line":13,"column":39}},"12":{"start":{"line":14,"column":2},"end":{"line":14,"column":33}},"13":{"start":{"line":15,"column":2},"end":{"line":15,"column":35}},"14":{"start":{"line":16,"column":2},"end":{"line":16,"column":31}},"15":{"start":{"line":17,"column":2},"end":{"line":17,"column":29}},"16":{"start":{"line":18,"column":2},"end":{"line":18,"column":17}}},"fnMap":{"0":{"name":"(anonymous_0)","decl":{"start":{"line":10,"column":17},"end":{"line":10,"column":18}},"loc":{"start":{"line":10,"column":32},"end":{"line":19,"column":1}},"line":10}},"branchMap":{},"s":{"0":2,"1":2,"2":2,"3":2,"4":2,"5":2,"6":2,"7":2,"8":2,"9":2,"10":2,"11":2,"12":2,"13":2,"14":2,"15":2,"16":2},"f":{"0":2},"b":{},"_coverageSchema":"1a1c01bbd47fc00a2c39e90264f33305004495a9","hash":"5b5db4d1c72f70b5a3531ffeac1e604b447c5ec4"}
,"C:\\Users\\Peter Ly\\Desktop\\FutureProof\\post-fp\\vanillaJS\\vidly\\startup\\validation.js": {"path":"C:\\Users\\Peter Ly\\Desktop\\FutureProof\\post-fp\\vanillaJS\\vidly\\startup\\validation.js","statementMap":{"0":{"start":{"line":1,"column":12},"end":{"line":1,"column":26}},"1":{"start":{"line":3,"column":0},"end":{"line":5,"column":1}},"2":{"start":{"line":4,"column":4},"end":{"line":4,"column":48}}},"fnMap":{"0":{"name":"(anonymous_0)","decl":{"start":{"line":3,"column":17},"end":{"line":3,"column":18}},"loc":{"start":{"line":3,"column":28},"end":{"line":5,"column":1}},"line":3}},"branchMap":{},"s":{"0":2,"1":2,"2":2},"f":{"0":2},"b":{},"_coverageSchema":"1a1c01bbd47fc00a2c39e90264f33305004495a9","hash":"8a077264ecbea636b2e9d61a70e9f4e8d4e220bf"}
}
